[INFO ]2023-03-03 13:49:32.061[main]LoggerLoad-<-----Testing info------>
[WARN ]2023-03-03 13:49:32.066[main]LoggerLoad-<-----Testing Warn------>
[WARN ]2023-03-03 13:49:32.066[main]LoggerLoad-<-----Testing Warn2------>
[ERROR]2023-03-03 13:49:32.067[main]LoggerLoad-<-----Testing error------>
[INFO ]2023-03-03 13:50:40.198[main]LoggerLoad-<-----Testing info------>
[WARN ]2023-03-03 13:50:40.206[main]LoggerLoad-<-----Testing Warn------>
[WARN ]2023-03-03 13:50:40.206[main]LoggerLoad-<-----Testing Warn2------>
[ERROR]2023-03-03 13:50:40.225[main]LoggerLoad-<-----Testing error------>
[INFO ]2023-03-03 13:50:57.936[main]LoggerLoad-<-----Testing info------>
[WARN ]2023-03-03 13:50:57.948[main]LoggerLoad-<-----Testing Warn------>
[WARN ]2023-03-03 13:50:57.948[main]LoggerLoad-<-----Testing Warn2------>
[ERROR]2023-03-03 13:50:57.948[main]LoggerLoad-<-----Testing error------>
[INFO ]2023-03-03 13:56:04.280[main]LoggerLoad-<-----Testing info------>
[WARN ]2023-03-03 13:56:04.301[main]LoggerLoad-<-----Testing Warn------>
[WARN ]2023-03-03 13:56:04.301[main]LoggerLoad-<-----Testing Warn2------>
[ERROR]2023-03-03 13:56:04.319[main]LoggerLoad-<-----Testing error------>
[INFO ]2023-03-03 13:56:43.312[main]LoggerLoad-<-----Testing info------>
[WARN ]2023-03-03 13:56:43.337[main]LoggerLoad-<-----Testing Warn------>
[WARN ]2023-03-03 13:56:43.338[main]LoggerLoad-<-----Testing Warn2------>
[ERROR]2023-03-03 13:56:43.338[main]LoggerLoad-<-----Testing error------>
[INFO ]2023-03-03 13:57:13.991[main]LoggerLoad-<-----Testing info------>
[WARN ]2023-03-03 13:57:14.008[main]LoggerLoad-<-----Testing Warn------>
[WARN ]2023-03-03 13:57:14.008[main]LoggerLoad-<-----Testing Warn2------>
[ERROR]2023-03-03 13:57:14.009[main]LoggerLoad-<-----Testing error------>
[INFO ]2023-03-03 13:57:52.175[main]LoggerLoad-<-----Testing info------>
[WARN ]2023-03-03 13:57:52.186[main]LoggerLoad-<-----Testing Warn------>
[WARN ]2023-03-03 13:57:52.187[main]LoggerLoad-<-----Testing Warn2------>
[ERROR]2023-03-03 13:57:52.187[main]LoggerLoad-<-----Testing error------>
[INFO ]2023-03-03 13:58:34.088[main]LoggerLoad-<-----Testing info------>
[WARN ]2023-03-03 13:58:34.091[main]LoggerLoad-<-----Testing Warn------>
[WARN ]2023-03-03 13:58:34.091[main]LoggerLoad-<-----Testing Warn2------>
[ERROR]2023-03-03 13:58:34.091[main]LoggerLoad-<-----Testing error------>
[INFO ]2023-03-03 13:59:30.109[main]LoggerLoad-<-----Testing info------>
[WARN ]2023-03-03 13:59:30.111[main]LoggerLoad-<-----Testing Warn------>
[WARN ]2023-03-03 13:59:30.111[main]LoggerLoad-<-----Testing Warn2------>
[ERROR]2023-03-03 13:59:30.111[main]LoggerLoad-<-----Testing error------>
[INFO ]2023-03-03 13:59:43.740[main]LoggerLoad-<-----Testing info------>
[WARN ]2023-03-03 13:59:43.742[main]LoggerLoad-<-----Testing Warn------>
[WARN ]2023-03-03 13:59:43.742[main]LoggerLoad-<-----Testing Warn2------>
[ERROR]2023-03-03 13:59:43.742[main]LoggerLoad-<-----Testing error------>
[INFO ]2023-03-03 14:01:16.811[main]LoggerLoad-<-----Testing info------>
[WARN ]2023-03-03 14:01:16.817[main]LoggerLoad-<-----Testing Warn------>
[WARN ]2023-03-03 14:01:16.818[main]LoggerLoad-<-----Testing Warn2------>
[ERROR]2023-03-03 14:01:16.818[main]LoggerLoad-<-----Testing error------>
[INFO ]2023-03-03 15:45:59.100[main]LoggerLoad-Checking error message
[INFO ]2023-03-03 15:46:01.701[main]LoggerLoad-Checking error message
[INFO ]2023-03-03 15:46:05.164[main]LoggerLoad-Checking error message
[INFO ]2023-03-03 21:41:31.128[main]LoggerLoad-Checking error message: Invalid Username and Password
[INFO ]2023-03-03 22:14:05.578[main]LoggerLoad-Checking error message: Invalid Username and Password
[INFO ]2023-03-03 22:14:08.236[main]LoggerLoad-Checking error message: Invalid Username and Password
[INFO ]2023-03-03 22:14:10.684[main]LoggerLoad-Checking error message: Invalid Username and Password
[INFO ]2023-03-04 10:36:00.707[main]LoggerLoad-Checking error message: Invalid Username and Password
[INFO ]2023-03-04 10:36:03.704[main]LoggerLoad-Checking error message: Invalid Username and Password
[INFO ]2023-03-04 10:36:06.703[main]LoggerLoad-Checking error message: Invalid Username and Password
[INFO ]2023-03-04 10:37:33.252[main]LoggerLoad-Checking error message: Invalid Username and Password
[INFO ]2023-03-04 10:37:36.248[main]LoggerLoad-Checking error message: Invalid Username and Password
[INFO ]2023-03-04 10:37:39.097[main]LoggerLoad-Checking error message: Invalid Username and Password
[INFO ]2023-03-04 10:40:26.396[main]LoggerLoad-Checking error message: Invalid Username and Password
[INFO ]2023-03-04 10:40:29.561[main]LoggerLoad-Checking error message: Invalid Username and Password
[INFO ]2023-03-04 10:40:32.994[main]LoggerLoad-Checking error message: Invalid Username and Password
[INFO ]2023-03-04 10:51:20.054[main]LoggerLoad-Checking error message: Invalid Username and Password
[INFO ]2023-03-04 10:51:23.062[main]LoggerLoad-Checking error message: Invalid Username and Password
[INFO ]2023-03-04 10:51:25.976[main]LoggerLoad-Checking error message: Invalid Username and Password
[INFO ]2023-03-04 10:52:49.369[main]LoggerLoad-Checking error message: Invalid Username and Password
[INFO ]2023-03-04 10:52:52.358[main]LoggerLoad-Checking error message: Invalid Username and Password
[INFO ]2023-03-04 10:52:55.448[main]LoggerLoad-Checking error message: Invalid Username and Password
[INFO ]2023-03-04 11:06:43.811[main]LoggerLoad-Checking error message: Invalid Username and Password
[INFO ]2023-03-04 11:06:46.745[main]LoggerLoad-Checking error message: Invalid Username and Password
[INFO ]2023-03-04 11:06:49.692[main]LoggerLoad-Checking error message: Invalid Username and Password
[INFO ]2023-03-04 11:08:04.722[main]LoggerLoad-Checking error message: Invalid Username and Password
[INFO ]2023-03-04 11:08:07.755[main]LoggerLoad-Checking error message: Invalid Username and Password
[INFO ]2023-03-04 11:08:11.466[main]LoggerLoad-Checking error message: Invalid Username and Password
[INFO ]2023-03-04 11:25:20.291[main]LoggerLoad-Checking error message: Invalid Username and Password
[INFO ]2023-03-04 11:25:23.902[main]LoggerLoad-Checking error message: Invalid Username and Password
[INFO ]2023-03-04 11:25:26.851[main]LoggerLoad-Checking error message: Invalid Username and Password
[INFO ]2023-03-04 14:49:33.020[main]LoggerLoad-Checking error message: Invalid Username and Password
[INFO ]2023-03-04 14:49:36.035[main]LoggerLoad-Checking error message: Invalid Username and Password
[INFO ]2023-03-04 14:49:39.077[main]LoggerLoad-Checking error message: Invalid Username and Password
[INFO ]2023-03-04 14:51:59.976[main]LoggerLoad-Checking error message: Invalid Username and Password
[INFO ]2023-03-04 14:52:03.199[main]LoggerLoad-Checking error message: Invalid Username and Password
[INFO ]2023-03-04 14:52:06.668[main]LoggerLoad-Checking error message: Invalid Username and Password
[INFO ]2023-03-04 16:24:02.445[main]LoggerLoad-Checking error message: Invalid Username and Password
[INFO ]2023-03-04 16:24:05.404[main]LoggerLoad-Checking error message: Invalid Username and Password
[INFO ]2023-03-04 16:24:08.556[main]LoggerLoad-Checking error message: Invalid Username and Password
[INFO ]2023-03-04 16:27:12.504[main]LoggerLoad-Checking error message: Invalid Username and Password
[INFO ]2023-03-04 16:27:15.535[main]LoggerLoad-Checking error message: Invalid Username and Password
[INFO ]2023-03-04 16:27:18.714[main]LoggerLoad-Checking error message: Invalid Username and Password
[INFO ]2023-03-04 16:39:42.470[main]LoggerLoad-Checking error message: Invalid Username and Password
[INFO ]2023-03-04 16:39:45.654[main]LoggerLoad-Checking error message: Invalid Username and Password
[INFO ]2023-03-04 16:39:48.732[main]LoggerLoad-Checking error message: Invalid Username and Password
[INFO ]2023-03-04 16:42:11.276[main]LoggerLoad-Checking error message: Invalid Username and Password
[INFO ]2023-03-04 16:42:14.576[main]LoggerLoad-Checking error message: Invalid Username and Password
[INFO ]2023-03-04 16:42:17.712[main]LoggerLoad-Checking error message: Invalid Username and Password
[INFO ]2023-03-04 16:46:36.068[main]LoggerLoad-Checking error message: Invalid Username and Password
[INFO ]2023-03-04 16:46:39.151[main]LoggerLoad-Checking error message: Invalid Username and Password
[INFO ]2023-03-04 16:46:42.149[main]LoggerLoad-Checking error message: Invalid Username and Password
[INFO ]2023-03-04 16:48:49.519[main]LoggerLoad-Checking error message: Invalid Username and Password
[INFO ]2023-03-04 16:48:52.737[main]LoggerLoad-Checking error message: Invalid Username and Password
[INFO ]2023-03-04 16:48:55.716[main]LoggerLoad-Checking error message: Invalid Username and Password
[INFO ]2023-03-04 16:49:56.503[main]LoggerLoad-Checking error message: Invalid Username and Password
[INFO ]2023-03-04 16:49:59.517[main]LoggerLoad-Checking error message: Invalid Username and Password
[INFO ]2023-03-04 16:50:02.540[main]LoggerLoad-Checking error message: Invalid Username and Password
[INFO ]2023-03-04 16:51:07.057[main]LoggerLoad-Checking error message: Invalid Username and Password
[INFO ]2023-03-04 16:51:10.169[main]LoggerLoad-Checking error message: Invalid Username and Password
[INFO ]2023-03-04 16:51:13.184[main]LoggerLoad-Checking error message: Invalid Username and Password
[INFO ]2023-03-04 18:17:39.786[main]LoggerLoad-Checking error message: Invalid Username and Password
[INFO ]2023-03-04 18:17:43.981[main]LoggerLoad-Checking error message: Invalid Username and Password
[INFO ]2023-03-04 18:17:47.148[main]LoggerLoad-Checking error message: Invalid Username and Password
[INFO ]2023-03-05 00:20:17.443[main]LoggerLoad-Checking error message: Invalid Username and Password
[INFO ]2023-03-05 00:20:20.465[main]LoggerLoad-Checking error message: Invalid Username and Password
[INFO ]2023-03-05 00:20:23.617[main]LoggerLoad-Checking error message: Invalid Username and Password
[INFO ]2023-03-05 00:24:52.978[main]LoggerLoad-Checking error message: Invalid Username and Password
[INFO ]2023-03-05 00:24:55.989[main]LoggerLoad-Checking error message: Invalid Username and Password
[INFO ]2023-03-05 00:24:59.103[main]LoggerLoad-Checking error message: Invalid Username and Password
[INFO ]2023-03-05 00:26:24.974[main]LoggerLoad-Checking error message: Invalid Username and Password
[INFO ]2023-03-05 00:26:28.053[main]LoggerLoad-Checking error message: Invalid Username and Password
[INFO ]2023-03-05 00:26:31.175[main]LoggerLoad-Checking error message: Invalid Username and Password
[INFO ]2023-03-05 00:33:30.984[main]LoggerLoad-Checking error message: Invalid Username and Password
[INFO ]2023-03-05 00:33:34.033[main]LoggerLoad-Checking error message: Invalid Username and Password
[INFO ]2023-03-05 00:33:37.061[main]LoggerLoad-Checking error message: Invalid Username and Password
[INFO ]2023-03-05 01:05:05.662[main]LoggerLoad-Checking error message: Invalid Username and Password
[INFO ]2023-03-05 01:05:08.721[main]LoggerLoad-Checking error message: Invalid Username and Password
[INFO ]2023-03-05 01:05:11.798[main]LoggerLoad-Checking error message: Invalid Username and Password
[INFO ]2023-03-05 01:13:53.600[main]LoggerLoad-Checking error message: Invalid Username and Password
[INFO ]2023-03-05 01:13:56.656[main]LoggerLoad-Checking error message: Invalid Username and Password
[INFO ]2023-03-05 01:13:59.626[main]LoggerLoad-Checking error message: Invalid Username and Password
[INFO ]2023-03-05 01:15:37.786[main]LoggerLoad-Checking error message: Invalid Username and Password
[INFO ]2023-03-05 01:15:40.642[main]LoggerLoad-Checking error message: Invalid Username and Password
[INFO ]2023-03-05 01:15:43.688[main]LoggerLoad-Checking error message: Invalid Username and Password
[INFO ]2023-03-05 01:18:50.106[main]LoggerLoad-Checking error message: Invalid Username and Password
[INFO ]2023-03-05 01:18:53.173[main]LoggerLoad-Checking error message: Invalid Username and Password
[INFO ]2023-03-05 01:18:56.159[main]LoggerLoad-Checking error message: Invalid Username and Password
[INFO ]2023-03-05 10:20:40.963[main]LoggerLoad-Checking error message: Invalid Username and Password
[INFO ]2023-03-05 10:20:43.936[main]LoggerLoad-Checking error message: Invalid Username and Password
[INFO ]2023-03-05 10:20:46.901[main]LoggerLoad-Checking error message: Invalid Username and Password
[INFO ]2023-03-05 11:46:31.436[main]LoggerLoad-Checking error message: Invalid Username and Password
[INFO ]2023-03-05 11:46:34.407[main]LoggerLoad-Checking error message: Invalid Username and Password
[INFO ]2023-03-05 11:46:37.411[main]LoggerLoad-Checking error message: Invalid Username and Password
[INFO ]2023-03-05 11:49:12.382[main]LoggerLoad-Checking error message: Invalid Username and Password
[INFO ]2023-03-05 11:49:15.339[main]LoggerLoad-Checking error message: Invalid Username and Password
[INFO ]2023-03-05 11:49:18.324[main]LoggerLoad-Checking error message: Invalid Username and Password
[INFO ]2023-03-05 13:17:08.436[main]LoggerLoad-Checking error message: Invalid Username and Password
[INFO ]2023-03-05 13:17:11.299[main]LoggerLoad-Checking error message: Invalid Username and Password
[INFO ]2023-03-05 13:17:14.453[main]LoggerLoad-Checking error message: Invalid Username and Password
[INFO ]2023-03-05 13:19:34.971[main]LoggerLoad-Checking error message: Invalid Username and Password
[INFO ]2023-03-05 13:19:37.885[main]LoggerLoad-Checking error message: Invalid Username and Password
[INFO ]2023-03-05 13:19:40.927[main]LoggerLoad-Checking error message: Invalid Username and Password
[INFO ]2023-03-05 13:24:23.444[main]LoggerLoad-Checking error message: Invalid Username and Password
[INFO ]2023-03-05 13:24:26.533[main]LoggerLoad-Checking error message: Invalid Username and Password
[INFO ]2023-03-05 13:24:29.648[main]LoggerLoad-Checking error message: Invalid Username and Password
[INFO ]2023-03-05 13:25:47.970[main]LoggerLoad-Checking error message: Invalid Username and Password
[INFO ]2023-03-05 13:25:51.071[main]LoggerLoad-Checking error message: Invalid Username and Password
[INFO ]2023-03-05 13:25:54.535[main]LoggerLoad-Checking error message: Invalid Username and Password
[INFO ]2023-03-05 13:27:24.192[main]LoggerLoad-Checking error message: Invalid Username and Password
[INFO ]2023-03-05 13:27:27.168[main]LoggerLoad-Checking error message: Invalid Username and Password
[INFO ]2023-03-05 13:27:30.343[main]LoggerLoad-Checking error message: Invalid Username and Password
[INFO ]2023-03-05 13:29:12.399[main]LoggerLoad-Checking error message: Invalid Username and Password
[INFO ]2023-03-05 13:29:15.603[main]LoggerLoad-Checking error message: Invalid Username and Password
[INFO ]2023-03-05 13:29:18.644[main]LoggerLoad-Checking error message: Invalid Username and Password
[INFO ]2023-03-05 13:30:12.321[main]LoggerLoad-Checking error message: Invalid Username and Password
[INFO ]2023-03-05 13:30:15.371[main]LoggerLoad-Checking error message: Invalid Username and Password
[INFO ]2023-03-05 13:30:18.570[main]LoggerLoad-Checking error message: Invalid Username and Password
[INFO ]2023-03-05 14:04:29.608[main]LoggerLoad-Checking error message: Invalid Username and Password
[INFO ]2023-03-05 14:04:32.706[main]LoggerLoad-Checking error message: Invalid Username and Password
[INFO ]2023-03-05 14:04:35.996[main]LoggerLoad-Checking error message: Invalid Username and Password
[INFO ]2023-03-05 14:06:30.358[main]LoggerLoad-Checking error message: Invalid Username and Password
[INFO ]2023-03-05 14:06:33.336[main]LoggerLoad-Checking error message: Invalid Username and Password
[INFO ]2023-03-05 14:06:36.263[main]LoggerLoad-Checking error message: Invalid Username and Password
[INFO ]2023-03-05 14:07:29.870[main]LoggerLoad-Checking error message: Invalid Username and Password
[INFO ]2023-03-05 14:07:32.903[main]LoggerLoad-Checking error message: Invalid Username and Password
[INFO ]2023-03-05 14:07:35.937[main]LoggerLoad-Checking error message: Invalid Username and Password
[INFO ]2023-03-05 14:08:21.509[main]LoggerLoad-Checking error message: Invalid Username and Password
[INFO ]2023-03-05 14:08:24.621[main]LoggerLoad-Checking error message: Invalid Username and Password
[INFO ]2023-03-05 14:08:27.697[main]LoggerLoad-Checking error message: Invalid Username and Password
[INFO ]2023-03-05 14:09:17.715[main]LoggerLoad-Checking error message: Invalid Username and Password
[INFO ]2023-03-05 14:09:20.870[main]LoggerLoad-Checking error message: Invalid Username and Password
[INFO ]2023-03-05 14:09:24.959[main]LoggerLoad-Checking error message: Invalid Username and Password
[INFO ]2023-03-05 14:10:03.874[main]LoggerLoad-Checking error message: Invalid Username and Password
[INFO ]2023-03-05 14:10:06.847[main]LoggerLoad-Checking error message: Invalid Username and Password
[INFO ]2023-03-05 14:10:09.927[main]LoggerLoad-Checking error message: Invalid Username and Password
[INFO ]2023-03-05 14:11:21.160[main]LoggerLoad-Checking error message: Invalid Username and Password
[INFO ]2023-03-05 14:11:24.239[main]LoggerLoad-Checking error message: Invalid Username and Password
[INFO ]2023-03-05 14:11:27.435[main]LoggerLoad-Checking error message: Invalid Username and Password
[INFO ]2023-03-05 15:59:45.294[main]LoggerLoad-Checking error message: Invalid Username and Password
[INFO ]2023-03-05 15:59:48.410[main]LoggerLoad-Checking error message: Invalid Username and Password
[INFO ]2023-03-05 15:59:51.437[main]LoggerLoad-Checking error message: Invalid Username and Password
